# JRE version: OpenJDK Runtime Environment Temurin-17.0.10+7 (17.0.10+7) (build 17.0.10+7)
# Java VM: OpenJDK 64-Bit Server VM Temurin-17.0.10+7 (17.0.10+7, mixed mode, emulated-client, tiered, compressed oops, compressed class ptrs, g1 gc, windows-amd64)
GC Precious Log:
 CPUs: 4 total, 4 available
 Memory: 3822M
 Large Page Support: Disabled
 NUMA Support: Disabled
 Compressed Oops: Enabled (32-bit)
 Heap Region Size: 1M
 Heap Min Capacity: 8M
 Heap Initial Capacity: 60M
 Heap Max Capacity: 1G
 Pre-touch: Disabled
 Parallel Workers: 4
 Concurrent Workers: 1
 Concurrent Refinement Workers: 4
 Periodic GC: Disabled
Heap:
 garbage-first heap   total 143360K, used 43794K [0x00000000c0000000, 0x0000000100000000)
  region size 1024K, 1 young (1024K), 0 survivors (0K)
 Metaspace       used 62604K, committed 63360K, reserved 1114112K
  class space    used 7562K, committed 7872K, reserved 1048576K
GC Heap History (20 events):
Event: 661.407 GC heap before
{Heap before GC invocations=67 (full 33):
 garbage-first heap   total 143360K, used 43794K [0x00000000c0000000, 0x0000000100000000)
  region size 1024K, 1 young (1024K), 0 survivors (0K)
 Metaspace       used 62604K, committed 63360K, reserved 1114112K
  class space    used 7562K, committed 7872K, reserved 1048576K
}
Event: 662.693 GC heap after
{Heap after GC invocations=68 (full 34):
 garbage-first heap   total 143360K, used 43794K [0x00000000c0000000, 0x0000000100000000)
  region size 1024K, 0 young (0K), 0 survivors (0K)
 Metaspace       used 62604K, committed 63360K, reserved 1114112K
  class space    used 7562K, committed 7872K, reserved 1048576K
}
Event: 673.685 GC heap before
{Heap before GC invocations=68 (full 34):
 garbage-first heap   total 143360K, used 43794K [0x00000000c0000000, 0x0000000100000000)
  region size 1024K, 1 young (1024K), 0 survivors (0K)
 Metaspace       used 62604K, committed 63360K, reserved 1114112K
  class space    used 7562K, committed 7872K, reserved 1048576K
}
Event: 674.583 GC heap after
{Heap after GC invocations=69 (full 35):
 garbage-first heap   total 143360K, used 43794K [0x00000000c0000000, 0x0000000100000000)
  region size 1024K, 0 young (0K), 0 survivors (0K)
 Metaspace       used 62604K, committed 63360K, reserved 1114112K
  class space    used 7562K, committed 7872K, reserved 1048576K
}
Event: 685.283 GC heap before
{Heap before GC invocations=69 (full 35):
 garbage-first heap   total 143360K, used 43794K [0x00000000c0000000, 0x0000000100000000)
  region size 1024K, 1 young (1024K), 0 survivors (0K)
 Metaspace       used 62604K, committed 63360K, reserved 1114112K
  class space    used 7562K, committed 7872K, reserved 1048576K
}
Event: 685.775 GC heap after
{Heap after GC invocations=70 (full 36):
 garbage-first heap   total 143360K, used 43794K [0x00000000c0000000, 0x0000000100000000)
  region size 1024K, 0 young (0K), 0 survivors (0K)
 Metaspace       used 62604K, committed 63360K, reserved 1114112K
  class space    used 7562K, committed 7872K, reserved 1048576K
}
Event: 698.608 GC heap before
{Heap before GC invocations=70 (full 36):
 garbage-first heap   total 143360K, used 43794K [0x00000000c0000000, 0x0000000100000000)
  region size 1024K, 1 young (1024K), 0 survivors (0K)
 Metaspace       used 62604K, committed 63360K, reserved 1114112K
  class space    used 7562K, committed 7872K, reserved 1048576K
}
Event: 700.282 GC heap after
{Heap after GC invocations=71 (full 37):
 garbage-first heap   total 143360K, used 43794K [0x00000000c0000000, 0x0000000100000000)
  region size 1024K, 0 young (0K), 0 survivors (0K)
 Metaspace       used 62604K, committed 63360K, reserved 1114112K
  class space    used 7562K, committed 7872K, reserved 1048576K
}
Event: 710.772 GC heap before
{Heap before GC invocations=71 (full 37):
 garbage-first heap   total 143360K, used 43794K [0x00000000c0000000, 0x0000000100000000)
  region size 1024K, 1 young (1024K), 0 survivors (0K)
 Metaspace       used 62604K, committed 63360K, reserved 1114112K
  class space    used 7562K, committed 7872K, reserved 1048576K
}
Event: 711.301 GC heap after
{Heap after GC invocations=72 (full 38):
 garbage-first heap   total 143360K, used 43794K [0x00000000c0000000, 0x0000000100000000)
  region size 1024K, 0 young (0K), 0 survivors (0K)
 Metaspace       used 62604K, committed 63360K, reserved 1114112K
  class space    used 7562K, committed 7872K, reserved 1048576K
}
Event: 721.765 GC heap before
{Heap before GC invocations=72 (full 38):
 garbage-first heap   total 143360K, used 43794K [0x00000000c0000000, 0x0000000100000000)
  region size 1024K, 1 young (1024K), 0 survivors (0K)
 Metaspace       used 62604K, committed 63360K, reserved 1114112K
  class space    used 7562K, committed 7872K, reserved 1048576K
}
Event: 722.231 GC heap after
{Heap after GC invocations=73 (full 39):
 garbage-first heap   total 143360K, used 43794K [0x00000000c0000000, 0x0000000100000000)
  region size 1024K, 0 young (0K), 0 survivors (0K)
 Metaspace       used 62604K, committed 63360K, reserved 1114112K
  class space    used 7562K, committed 7872K, reserved 1048576K
}
Event: 732.800 GC heap before
{Heap before GC invocations=73 (full 39):
 garbage-first heap   total 143360K, used 43794K [0x00000000c0000000, 0x0000000100000000)
  region size 1024K, 1 young (1024K), 0 survivors (0K)
 Metaspace       used 62604K, committed 63360K, reserved 1114112K
  class space    used 7562K, committed 7872K, reserved 1048576K
}
Event: 733.480 GC heap after
{Heap after GC invocations=74 (full 40):
 garbage-first heap   total 143360K, used 43794K [0x00000000c0000000, 0x0000000100000000)
  region size 1024K, 0 young (0K), 0 survivors (0K)
 Metaspace       used 62604K, committed 63360K, reserved 1114112K
  class space    used 7562K, committed 7872K, reserved 1048576K
}
Event: 743.946 GC heap before
{Heap before GC invocations=74 (full 40):
 garbage-first heap   total 143360K, used 43794K [0x00000000c0000000, 0x0000000100000000)
  region size 1024K, 1 young (1024K), 0 survivors (0K)
 Metaspace       used 62604K, committed 63360K, reserved 1114112K
  class space    used 7562K, committed 7872K, reserved 1048576K
}
Event: 744.332 GC heap after
{Heap after GC invocations=75 (full 41):
 garbage-first heap   total 143360K, used 43794K [0x00000000c0000000, 0x0000000100000000)
  region size 1024K, 0 young (0K), 0 survivors (0K)
 Metaspace       used 62604K, committed 63360K, reserved 1114112K
  class space    used 7562K, committed 7872K, reserved 1048576K
}
Event: 754.821 GC heap before
{Heap before GC invocations=75 (full 41):
 garbage-first heap   total 143360K, used 43794K [0x00000000c0000000, 0x0000000100000000)
  region size 1024K, 1 young (1024K), 0 survivors (0K)
 Metaspace       used 62604K, committed 63360K, reserved 1114112K
  class space    used 7562K, committed 7872K, reserved 1048576K
}
Event: 755.203 GC heap after
{Heap after GC invocations=76 (full 42):
 garbage-first heap   total 143360K, used 43794K [0x00000000c0000000, 0x0000000100000000)
  region size 1024K, 0 young (0K), 0 survivors (0K)
 Metaspace       used 62604K, committed 63360K, reserved 1114112K
  class space    used 7562K, committed 7872K, reserved 1048576K
}
Event: 774.957 GC heap before
{Heap before GC invocations=76 (full 42):
 garbage-first heap   total 143360K, used 43794K [0x00000000c0000000, 0x0000000100000000)
  region size 1024K, 1 young (1024K), 0 survivors (0K)
 Metaspace       used 62604K, committed 63360K, reserved 1114112K
  class space    used 7562K, committed 7872K, reserved 1048576K
}
Event: 777.798 GC heap after
{Heap after GC invocations=77 (full 43):
 garbage-first heap   total 143360K, used 43794K [0x00000000c0000000, 0x0000000100000000)
  region size 1024K, 0 young (0K), 0 survivors (0K)
 Metaspace       used 62604K, committed 63360K, reserved 1114112K
  class space    used 7562K, committed 7872K, reserved 1048576K
}

