# JRE version: OpenJDK Runtime Environment Temurin-17.0.10+7 (17.0.10+7) (build 17.0.10+7)
# Java VM: OpenJDK 64-Bit Server VM Temurin-17.0.10+7 (17.0.10+7, mixed mode, emulated-client, tiered, compressed oops, compressed class ptrs, g1 gc, windows-amd64)
GC Precious Log:
 CPUs: 4 total, 4 available
 Memory: 3822M
 Large Page Support: Disabled
 NUMA Support: Disabled
 Compressed Oops: Enabled (32-bit)
 Heap Region Size: 1M
 Heap Min Capacity: 8M
 Heap Initial Capacity: 60M
 Heap Max Capacity: 1G
 Pre-touch: Disabled
 Parallel Workers: 4
 Concurrent Workers: 1
 Concurrent Refinement Workers: 4
 Periodic GC: Disabled
Heap:
 garbage-first heap   total 80896K, used 47252K [0x00000000c0000000, 0x0000000100000000)
  region size 1024K, 3 young (3072K), 3 survivors (3072K)
 Metaspace       used 56031K, committed 56512K, reserved 1114112K
  class space    used 6747K, committed 6976K, reserved 1048576K
GC Heap History (20 events):
Event: 16.774 GC heap after
{Heap after GC invocations=10 (full 0):
 garbage-first heap   total 61440K, used 24834K [0x00000000c0000000, 0x0000000100000000)
  region size 1024K, 2 young (2048K), 2 survivors (2048K)
 Metaspace       used 32428K, committed 32768K, reserved 1114112K
  class space    used 3889K, committed 4032K, reserved 1048576K
}
Event: 18.203 GC heap before
{Heap before GC invocations=10 (full 0):
 garbage-first heap   total 61440K, used 46338K [0x00000000c0000000, 0x0000000100000000)
  region size 1024K, 23 young (23552K), 2 survivors (2048K)
 Metaspace       used 34991K, committed 35392K, reserved 1114112K
  class space    used 4259K, committed 4480K, reserved 1048576K
}
Event: 18.214 GC heap after
{Heap after GC invocations=11 (full 0):
 garbage-first heap   total 61440K, used 27292K [0x00000000c0000000, 0x0000000100000000)
  region size 1024K, 3 young (3072K), 3 survivors (3072K)
 Metaspace       used 34991K, committed 35392K, reserved 1114112K
  class space    used 4259K, committed 4480K, reserved 1048576K
}
Event: 18.637 GC heap before
{Heap before GC invocations=11 (full 0):
 garbage-first heap   total 61440K, used 30364K [0x00000000c0000000, 0x0000000100000000)
  region size 1024K, 7 young (7168K), 3 survivors (3072K)
 Metaspace       used 35612K, committed 35968K, reserved 1114112K
  class space    used 4349K, committed 4544K, reserved 1048576K
}
Event: 18.652 GC heap after
{Heap after GC invocations=12 (full 0):
 garbage-first heap   total 61440K, used 27896K [0x00000000c0000000, 0x0000000100000000)
  region size 1024K, 1 young (1024K), 1 survivors (1024K)
 Metaspace       used 35612K, committed 35968K, reserved 1114112K
  class space    used 4349K, committed 4544K, reserved 1048576K
}
Event: 20.362 GC heap before
{Heap before GC invocations=13 (full 0):
 garbage-first heap   total 61440K, used 47352K [0x00000000c0000000, 0x0000000100000000)
  region size 1024K, 20 young (20480K), 1 survivors (1024K)
 Metaspace       used 38860K, committed 39232K, reserved 1114112K
  class space    used 4837K, committed 4992K, reserved 1048576K
}
Event: 20.390 GC heap after
{Heap after GC invocations=14 (full 0):
 garbage-first heap   total 73728K, used 29057K [0x00000000c0000000, 0x0000000100000000)
  region size 1024K, 2 young (2048K), 2 survivors (2048K)
 Metaspace       used 38860K, committed 39232K, reserved 1114112K
  class space    used 4837K, committed 4992K, reserved 1048576K
}
Event: 23.824 GC heap before
{Heap before GC invocations=14 (full 0):
 garbage-first heap   total 73728K, used 56705K [0x00000000c0000000, 0x0000000100000000)
  region size 1024K, 29 young (29696K), 2 survivors (2048K)
 Metaspace       used 42194K, committed 42624K, reserved 1114112K
  class space    used 5352K, committed 5568K, reserved 1048576K
}
Event: 23.840 GC heap after
{Heap after GC invocations=15 (full 0):
 garbage-first heap   total 73728K, used 31012K [0x00000000c0000000, 0x0000000100000000)
  region size 1024K, 4 young (4096K), 4 survivors (4096K)
 Metaspace       used 42194K, committed 42624K, reserved 1114112K
  class space    used 5352K, committed 5568K, reserved 1048576K
}
Event: 26.158 GC heap before
{Heap before GC invocations=15 (full 0):
 garbage-first heap   total 73728K, used 56612K [0x00000000c0000000, 0x0000000100000000)
  region size 1024K, 29 young (29696K), 4 survivors (4096K)
 Metaspace       used 46711K, committed 47168K, reserved 1114112K
  class space    used 5693K, committed 5888K, reserved 1048576K
}
Event: 26.178 GC heap after
{Heap after GC invocations=16 (full 0):
 garbage-first heap   total 73728K, used 33075K [0x00000000c0000000, 0x0000000100000000)
  region size 1024K, 4 young (4096K), 4 survivors (4096K)
 Metaspace       used 46711K, committed 47168K, reserved 1114112K
  class space    used 5693K, committed 5888K, reserved 1048576K
}
Event: 27.162 GC heap before
{Heap before GC invocations=16 (full 0):
 garbage-first heap   total 73728K, used 58675K [0x00000000c0000000, 0x0000000100000000)
  region size 1024K, 28 young (28672K), 4 survivors (4096K)
 Metaspace       used 49130K, committed 49664K, reserved 1114112K
  class space    used 5950K, committed 6208K, reserved 1048576K
}
Event: 27.194 GC heap after
{Heap after GC invocations=17 (full 0):
 garbage-first heap   total 73728K, used 43677K [0x00000000c0000000, 0x0000000100000000)
  region size 1024K, 4 young (4096K), 4 survivors (4096K)
 Metaspace       used 49130K, committed 49664K, reserved 1114112K
  class space    used 5950K, committed 6208K, reserved 1048576K
}
Event: 27.708 GC heap before
{Heap before GC invocations=17 (full 0):
 garbage-first heap   total 73728K, used 54941K [0x00000000c0000000, 0x0000000100000000)
  region size 1024K, 16 young (16384K), 4 survivors (4096K)
 Metaspace       used 52250K, committed 52736K, reserved 1114112K
  class space    used 6238K, committed 6464K, reserved 1048576K
}
Event: 27.716 GC heap after
{Heap after GC invocations=18 (full 0):
 garbage-first heap   total 73728K, used 44598K [0x00000000c0000000, 0x0000000100000000)
  region size 1024K, 1 young (1024K), 1 survivors (1024K)
 Metaspace       used 52250K, committed 52736K, reserved 1114112K
  class space    used 6238K, committed 6464K, reserved 1048576K
}
Event: 28.069 GC heap before
{Heap before GC invocations=19 (full 0):
 garbage-first heap   total 80896K, used 55862K [0x00000000c0000000, 0x0000000100000000)
  region size 1024K, 13 young (13312K), 1 survivors (1024K)
 Metaspace       used 54322K, committed 54784K, reserved 1114112K
  class space    used 6525K, committed 6720K, reserved 1048576K
}
Event: 28.073 GC heap after
{Heap after GC invocations=20 (full 0):
 garbage-first heap   total 80896K, used 45248K [0x00000000c0000000, 0x0000000100000000)
  region size 1024K, 2 young (2048K), 2 survivors (2048K)
 Metaspace       used 54322K, committed 54784K, reserved 1114112K
  class space    used 6525K, committed 6720K, reserved 1048576K
}
Event: 28.077 GC heap before
{Heap before GC invocations=20 (full 0):
 garbage-first heap   total 80896K, used 46272K [0x00000000c0000000, 0x0000000100000000)
  region size 1024K, 3 young (3072K), 2 survivors (2048K)
 Metaspace       used 54349K, committed 54912K, reserved 1114112K
  class space    used 6531K, committed 6784K, reserved 1048576K
}
Event: 28.081 GC heap after
{Heap after GC invocations=21 (full 0):
 garbage-first heap   total 80896K, used 45121K [0x00000000c0000000, 0x0000000100000000)
  region size 1024K, 1 young (1024K), 1 survivors (1024K)
 Metaspace       used 54349K, committed 54912K, reserved 1114112K
  class space    used 6531K, committed 6784K, reserved 1048576K
}
Event: 28.308 GC heap before
{Heap before GC invocations=21 (full 0):
 garbage-first heap   total 80896K, used 61505K [0x00000000c0000000, 0x0000000100000000)
  region size 1024K, 18 young (18432K), 1 survivors (1024K)
 Metaspace       used 56031K, committed 56512K, reserved 1114112K
  class space    used 6747K, committed 6976K, reserved 1048576K
}

